Added Component: Designator=*(555 Timer)
Add component. Clean all parameters for all variants
Added Component: Designator=*(Res)
Add component. Clean all parameters for all variants
Added Component: Designator=1k(Res)
Add component. Clean all parameters for all variants
Added Component: Designator=5V(Bat)
Add component. Clean all parameters for all variants
Added Component: Designator=10K(Pot)
Add component. Clean all parameters for all variants
Added Component: Designator=10uF(Cap)
Add component. Clean all parameters for all variants
Added Component: Designator=100nF(Cap)
Add component. Clean all parameters for all variants
Added Component: Designator=BC238(Tran)
Add component. Clean all parameters for all variants
Added Component: Designator=Button(But)
Add component. Clean all parameters for all variants
Added Component: Designator=D1(Diode)
Add component. Clean all parameters for all variants
Added Component: Designator=D2(Diode)
Add component. Clean all parameters for all variants
Added Component: Designator=Green Led(Led)
Add component. Clean all parameters for all variants
Added Component: Designator=Motor(Motor)
Add component. Clean all parameters for all variants
Added Component: Designator=temperature sensor(Sensor)
Add component. Clean all parameters for all variants
Added Pin To Net: NetName=GND Pin=*-1
Added Pin To Net: NetName=GND Pin=*-1
Added Pin To Net: NetName=GND Pin=*-1
Added Pin To Net: NetName=GND Pin=*-1
Added Pin To Net: NetName=Net*_3 Pin=*-1
Added Pin To Net: NetName=Net*_2 Pin=*-2
Added Pin To Net: NetName=Net*_2 Pin=*-2
Added Pin To Net: NetName=Net*_2 Pin=*-2
Added Pin To Net: NetName=Net*_2 Pin=*-2
Added Pin To Net: NetName=Net*_7 Pin=1k-1
Added Pin To Net: NetName=Net1k_2 Pin=1k-2
Added Pin To Net: NetName=Net1k_2 Pin=5V-1
Added Pin To Net: NetName=GND Pin=5V-2
Added Pin To Net: NetName=GND Pin=10uF-1
Added Pin To Net: NetName=Net*_2 Pin=10uF-2
Added Pin To Net: NetName=GND Pin=100nF-1
Added Pin To Net: NetName=Net*_5 Pin=100nF-2
Added Pin To Net: NetName=NetBC238_1 Pin=BC238-1
Added Pin To Net: NetName=GND Pin=BC238-3
Added Pin To Net: NetName=Net1k_2 Pin=Button-1
Added Pin To Net: NetName=NetButton_2 Pin=Button-2
Added Pin To Net: NetName=Net*_7 Pin=D2-1
Added Pin To Net: NetName=NetGreen Led_1 Pin=Green Led-1
Added Pin To Net: NetName=NetBC238_1 Pin=Green Led-2
Added Pin To Net: NetName=Net1k_2 Pin=Motor-1
Added Pin To Net: NetName=NetGreen Led_1 Pin=Motor-2
Added Pin To Net: NetName=NetButton_2 Pin=temperature sensor-1
Added Pin To Net: NetName=Net*_4 Pin=temperature sensor-2
Change Net Name : Old Net Name=Net*_3 New Net Name=Net*_1
Added Member To Class: ClassName=AnalogHmwsch Member=Component * 555 Timer
Added Member To Class: ClassName=AnalogHmwsch Member=Component * Res
Added Member To Class: ClassName=AnalogHmwsch Member=Component 1k Res
Added Member To Class: ClassName=AnalogHmwsch Member=Component 5V Bat
Added Member To Class: ClassName=AnalogHmwsch Member=Component 10K Pot
Added Member To Class: ClassName=AnalogHmwsch Member=Component 10uF Cap
Added Member To Class: ClassName=AnalogHmwsch Member=Component 100nF Cap
Added Member To Class: ClassName=AnalogHmwsch Member=Component BC238 Tran
Added Member To Class: ClassName=AnalogHmwsch Member=Component Button But
Added Member To Class: ClassName=AnalogHmwsch Member=Component D1 Diode
Added Member To Class: ClassName=AnalogHmwsch Member=Component D2 Diode
Added Member To Class: ClassName=AnalogHmwsch Member=Component Green Led Led
Added Member To Class: ClassName=AnalogHmwsch Member=Component Motor
Added Member To Class: ClassName=AnalogHmwsch Member=Component temperature sensor Sensor
Added Room: Name=AnalogHmwsch
