Removed Pin From Net: NetName=Net*_1 Pin=*-1
Removed Pin From Net: NetName=Net*_2 Pin=*-2
Removed Pin From Net: NetName=Net*_2 Pin=*-2
Removed Pin From Net: NetName=Net*_2 Pin=*-2
Removed Pin From Net: NetName=Net*_2 Pin=*-2
Removed Pin From Net: NetName=Net*_7 Pin=1k-1
Removed Pin From Net: NetName=Net1k_2 Pin=1k-2
Removed Pin From Net: NetName=GND Pin=10uF-1
Removed Pin From Net: NetName=Net*_2 Pin=10uF-2
Removed Pin From Net: NetName=Net*_5 Pin=100nF-2
Removed Pin From Net: NetName=NetBC238_1 Pin=BC238-1
Removed Pin From Net: NetName=Net1k_2 Pin=Button-1
Removed Pin From Net: NetName=Net*_7 Pin=D2-1
Removed Pin From Net: NetName=NetBC238_1 Pin=Green Led-2
Removed Pin From Net: NetName=Net*_4 Pin=temperature sensor-2
Removed Member From Class: ClassName=AnalogHmwsch Member=1k
Removed Member From Class: ClassName=AnalogHmwsch Member=10K
Removed Member From Class: ClassName=AnalogHmwsch Member=10uF
Removed Member From Class: ClassName=AnalogHmwsch Member=Button
Removed Member From Class: ClassName=AnalogHmwsch Member=D2
Removed Member From Class: ClassName=AnalogHmwsch Member=Green Led
Change Component Designator: OldDesignator=* NewDesignator=R2
Change Component Designator: OldDesignator=* NewDesignator=U1
Change Component Designator: OldDesignator=5V NewDesignator=B1
Change Component Designator: OldDesignator=100nF NewDesignator=C2
Change Component Designator: OldDesignator=BC238 NewDesignator=L1
Change Component Designator: OldDesignator=Motor NewDesignator=Motor1
Change Component Designator: OldDesignator=temperature sensor NewDesignator=S1
Added Component: Designator=C1(Cap)
Add component. Clean all parameters for all variants
Added Component: Designator=PT1(Pot)
Add component. Clean all parameters for all variants
Added Component: Designator=R1(Res)
Add component. Clean all parameters for all variants
Added Pin To Net: NetName=Net10K_1 Pin=C1-1
Added Pin To Net: NetName=GND Pin=C1-2
Added Pin To Net: NetName=Net10K_2 Pin=C2-2
Added Pin To Net: NetName=Net*_1 Pin=D1-1
Added Pin To Net: NetName=Net*_1 Pin=L1-1
Added Pin To Net: NetName=Net*_2 Pin=L1-2
Added Pin To Net: NetName=Net*_1 Pin=Motor1-2
Added Pin To Net: NetName=Net1k_2 Pin=R1-1
Added Pin To Net: NetName=Net*_4 Pin=R1-2
Added Pin To Net: NetName=NetBC238_1 Pin=R2-1
Added Pin To Net: NetName=Net*_2 Pin=R2-2
Added Pin To Net: NetName=Net*_5 Pin=S1-1
Added Pin To Net: NetName=Net10K_1 Pin=S1-2
Added Pin To Net: NetName=Net10K_1 Pin=U1-2
Added Pin To Net: NetName=Net10K_1 Pin=U1-2
Added Pin To Net: NetName=Net10K_1 Pin=U1-2
Added Pin To Net: NetName=Net10K_1 Pin=U1-2
Change Net Name : Old Net Name=Net1k_2 New Net Name=NetB1_1
Change Net Name : Old Net Name=Net10K_1 New Net Name=NetC1_1
Change Net Name : Old Net Name=Net10K_2 New Net Name=NetC2_2
Change Net Name : Old Net Name=Net*_1 New Net Name=NetD1_1
Change Net Name : Old Net Name=Net*_2 New Net Name=NetL1_2
Change Net Name : Old Net Name=Net*_4 New Net Name=NetPT1_1
Change Net Name : Old Net Name=Net*_5 New Net Name=NetPT1_2
Change Net Name : Old Net Name=Net*_7 New Net Name=NetPT1_3
Change Net Name : Old Net Name=NetBC238_1 New Net Name=NetR2_1
Added Member To Class: ClassName=AnalogHmwsch Member=Component C1 Cap
Added Member To Class: ClassName=AnalogHmwsch Member=Component PT1 Pot
Added Member To Class: ClassName=AnalogHmwsch Member=Component R1 Res
Added Member To Class: ClassName=AnalogHmwsch Member=Component R2 Res
